[26-Oct-2020 22:15:32 UTC] PHP Fatal error:  Uncaught Error: Call to undefined function get_stylesheet_directory_url() in /home/matheus/Área de Trabalho/Repositorios/Cursos/Programacao/FrontEnd/Cursos-Origamid/Wordpress-como-cms/bikecraft/app/public/wp-content/themes/bikcraft/index.php:18
Stack trace:
#0 /home/matheus/Área de Trabalho/Repositorios/Cursos/Programacao/FrontEnd/Cursos-Origamid/Wordpress-como-cms/bikecraft/app/public/wp-includes/template-loader.php(106): include()
#1 /home/matheus/Área de Trabalho/Repositorios/Cursos/Programacao/FrontEnd/Cursos-Origamid/Wordpress-como-cms/bikecraft/app/public/wp-blog-header.php(19): require_once('/home/matheus/\xC3...')
#2 /home/matheus/Área de Trabalho/Repositorios/Cursos/Programacao/FrontEnd/Cursos-Origamid/Wordpress-como-cms/bikecraft/app/public/index.php(17): require('/home/matheus/\xC3...')
#3 {main}
  thrown in /home/matheus/Área de Trabalho/Repositorios/Cursos/Programacao/FrontEnd/Cursos-Origamid/Wordpress-como-cms/bikecraft/app/public/wp-content/themes/bikcraft/index.php on line 18
[26-Oct-2020 22:15:33 UTC] PHP Fatal error:  Uncaught Error: Call to undefined function get_stylesheet_directory_url() in /home/matheus/Área de Trabalho/Repositorios/Cursos/Programacao/FrontEnd/Cursos-Origamid/Wordpress-como-cms/bikecraft/app/public/wp-content/themes/bikcraft/index.php:18
Stack trace:
#0 /home/matheus/Área de Trabalho/Repositorios/Cursos/Programacao/FrontEnd/Cursos-Origamid/Wordpress-como-cms/bikecraft/app/public/wp-includes/template-loader.php(106): include()
#1 /home/matheus/Área de Trabalho/Repositorios/Cursos/Programacao/FrontEnd/Cursos-Origamid/Wordpress-como-cms/bikecraft/app/public/wp-blog-header.php(19): require_once('/home/matheus/\xC3...')
#2 /home/matheus/Área de Trabalho/Repositorios/Cursos/Programacao/FrontEnd/Cursos-Origamid/Wordpress-como-cms/bikecraft/app/public/index.php(17): require('/home/matheus/\xC3...')
#3 {main}
  thrown in /home/matheus/Área de Trabalho/Repositorios/Cursos/Programacao/FrontEnd/Cursos-Origamid/Wordpress-como-cms/bikecraft/app/public/wp-content/themes/bikcraft/index.php on line 18
[26-Oct-2020 22:15:37 UTC] PHP Fatal error:  Uncaught Error: Call to undefined function get_stylesheet_directory_url() in /home/matheus/Área de Trabalho/Repositorios/Cursos/Programacao/FrontEnd/Cursos-Origamid/Wordpress-como-cms/bikecraft/app/public/wp-content/themes/bikcraft/index.php:18
Stack trace:
#0 /home/matheus/Área de Trabalho/Repositorios/Cursos/Programacao/FrontEnd/Cursos-Origamid/Wordpress-como-cms/bikecraft/app/public/wp-includes/template-loader.php(106): include()
#1 /home/matheus/Área de Trabalho/Repositorios/Cursos/Programacao/FrontEnd/Cursos-Origamid/Wordpress-como-cms/bikecraft/app/public/wp-blog-header.php(19): require_once('/home/matheus/\xC3...')
#2 /home/matheus/Área de Trabalho/Repositorios/Cursos/Programacao/FrontEnd/Cursos-Origamid/Wordpress-como-cms/bikecraft/app/public/index.php(17): require('/home/matheus/\xC3...')
#3 {main}
  thrown in /home/matheus/Área de Trabalho/Repositorios/Cursos/Programacao/FrontEnd/Cursos-Origamid/Wordpress-como-cms/bikecraft/app/public/wp-content/themes/bikcraft/index.php on line 18
[26-Oct-2020 22:15:38 UTC] PHP Fatal error:  Uncaught Error: Call to undefined function get_stylesheet_directory_url() in /home/matheus/Área de Trabalho/Repositorios/Cursos/Programacao/FrontEnd/Cursos-Origamid/Wordpress-como-cms/bikecraft/app/public/wp-content/themes/bikcraft/index.php:18
Stack trace:
#0 /home/matheus/Área de Trabalho/Repositorios/Cursos/Programacao/FrontEnd/Cursos-Origamid/Wordpress-como-cms/bikecraft/app/public/wp-includes/template-loader.php(106): include()
#1 /home/matheus/Área de Trabalho/Repositorios/Cursos/Programacao/FrontEnd/Cursos-Origamid/Wordpress-como-cms/bikecraft/app/public/wp-blog-header.php(19): require_once('/home/matheus/\xC3...')
#2 /home/matheus/Área de Trabalho/Repositorios/Cursos/Programacao/FrontEnd/Cursos-Origamid/Wordpress-como-cms/bikecraft/app/public/index.php(17): require('/home/matheus/\xC3...')
#3 {main}
  thrown in /home/matheus/Área de Trabalho/Repositorios/Cursos/Programacao/FrontEnd/Cursos-Origamid/Wordpress-como-cms/bikecraft/app/public/wp-content/themes/bikcraft/index.php on line 18
[29-Oct-2020 16:58:33 UTC] PHP Warning:  Use of undefined constant TEMPLATEPTH - assumed 'TEMPLATEPTH' (this will throw an Error in a future version of PHP) in /home/matheus/Área de Trabalho/Repositorios/Cursos/Programacao/FrontEnd/Cursos-Origamid/Wordpress-como-cms/bikecraft/app/public/wp-content/themes/bikcraft/page-home.php on line 59
[29-Oct-2020 16:58:33 UTC] PHP Stack trace:
[29-Oct-2020 16:58:33 UTC] PHP   1. {main}() /home/matheus/Área de Trabalho/Repositorios/Cursos/Programacao/FrontEnd/Cursos-Origamid/Wordpress-como-cms/bikecraft/app/public/index.php:0
[29-Oct-2020 16:58:33 UTC] PHP   2. require() /home/matheus/Área de Trabalho/Repositorios/Cursos/Programacao/FrontEnd/Cursos-Origamid/Wordpress-como-cms/bikecraft/app/public/index.php:17
[29-Oct-2020 16:58:33 UTC] PHP   3. require_once() /home/matheus/Área de Trabalho/Repositorios/Cursos/Programacao/FrontEnd/Cursos-Origamid/Wordpress-como-cms/bikecraft/app/public/wp-blog-header.php:19
[29-Oct-2020 16:58:33 UTC] PHP   4. include() /home/matheus/Área de Trabalho/Repositorios/Cursos/Programacao/FrontEnd/Cursos-Origamid/Wordpress-como-cms/bikecraft/app/public/wp-includes/template-loader.php:106
[29-Oct-2020 16:58:33 UTC] PHP Warning:  include(TEMPLATEPTH/inc/clientes-portfolio.php): failed to open stream: No such file or directory in /home/matheus/Área de Trabalho/Repositorios/Cursos/Programacao/FrontEnd/Cursos-Origamid/Wordpress-como-cms/bikecraft/app/public/wp-content/themes/bikcraft/page-home.php on line 59
[29-Oct-2020 16:58:33 UTC] PHP Stack trace:
[29-Oct-2020 16:58:33 UTC] PHP   1. {main}() /home/matheus/Área de Trabalho/Repositorios/Cursos/Programacao/FrontEnd/Cursos-Origamid/Wordpress-como-cms/bikecraft/app/public/index.php:0
[29-Oct-2020 16:58:33 UTC] PHP   2. require() /home/matheus/Área de Trabalho/Repositorios/Cursos/Programacao/FrontEnd/Cursos-Origamid/Wordpress-como-cms/bikecraft/app/public/index.php:17
[29-Oct-2020 16:58:33 UTC] PHP   3. require_once() /home/matheus/Área de Trabalho/Repositorios/Cursos/Programacao/FrontEnd/Cursos-Origamid/Wordpress-como-cms/bikecraft/app/public/wp-blog-header.php:19
[29-Oct-2020 16:58:33 UTC] PHP   4. include() /home/matheus/Área de Trabalho/Repositorios/Cursos/Programacao/FrontEnd/Cursos-Origamid/Wordpress-como-cms/bikecraft/app/public/wp-includes/template-loader.php:106
[29-Oct-2020 16:58:33 UTC] PHP Warning:  include(): Failed opening 'TEMPLATEPTH/inc/clientes-portfolio.php' for inclusion (include_path='.:/usr/share/php:/www/wp-content/pear') in /home/matheus/Área de Trabalho/Repositorios/Cursos/Programacao/FrontEnd/Cursos-Origamid/Wordpress-como-cms/bikecraft/app/public/wp-content/themes/bikcraft/page-home.php on line 59
[29-Oct-2020 16:58:33 UTC] PHP Stack trace:
[29-Oct-2020 16:58:33 UTC] PHP   1. {main}() /home/matheus/Área de Trabalho/Repositorios/Cursos/Programacao/FrontEnd/Cursos-Origamid/Wordpress-como-cms/bikecraft/app/public/index.php:0
[29-Oct-2020 16:58:33 UTC] PHP   2. require() /home/matheus/Área de Trabalho/Repositorios/Cursos/Programacao/FrontEnd/Cursos-Origamid/Wordpress-como-cms/bikecraft/app/public/index.php:17
[29-Oct-2020 16:58:33 UTC] PHP   3. require_once() /home/matheus/Área de Trabalho/Repositorios/Cursos/Programacao/FrontEnd/Cursos-Origamid/Wordpress-como-cms/bikecraft/app/public/wp-blog-header.php:19
[29-Oct-2020 16:58:33 UTC] PHP   4. include() /home/matheus/Área de Trabalho/Repositorios/Cursos/Programacao/FrontEnd/Cursos-Origamid/Wordpress-como-cms/bikecraft/app/public/wp-includes/template-loader.php:106
[31-Oct-2020 12:37:24 UTC] PHP Parse error:  syntax error, unexpected ';', expecting ')' in /home/matheus/Área de Trabalho/Repositorios/Cursos/Programacao/FrontEnd/Cursos-Origamid/Wordpress-como-cms/bikecraft/app/public/wp-content/themes/bikcraft/inc/quebra.php on line 4
[31-Oct-2020 12:40:01 UTC] PHP Parse error:  syntax error, unexpected ';', expecting ')' in /home/matheus/Área de Trabalho/Repositorios/Cursos/Programacao/FrontEnd/Cursos-Origamid/Wordpress-como-cms/bikecraft/app/public/wp-content/themes/bikcraft/inc/quebra.php on line 4
