[25-Oct-2020 18:15:31] NOTICE: fpm is running, pid 66629
[25-Oct-2020 18:15:31] NOTICE: ready to handle connections
[26-Oct-2020 07:21:26] NOTICE: Terminating ...
[26-Oct-2020 07:21:26] NOTICE: exiting, bye-bye!
[26-Oct-2020 16:53:07] NOTICE: fpm is running, pid 7578
[26-Oct-2020 16:53:07] NOTICE: ready to handle connections
[27-Oct-2020 20:03:42] NOTICE: fpm is running, pid 3181
[27-Oct-2020 20:03:42] NOTICE: ready to handle connections
[28-Oct-2020 13:44:52] NOTICE: Terminating ...
[28-Oct-2020 13:44:52] NOTICE: exiting, bye-bye!
[29-Oct-2020 11:09:54] NOTICE: fpm is running, pid 15616
[29-Oct-2020 11:09:54] NOTICE: ready to handle connections
[29-Oct-2020 21:11:48] NOTICE: Terminating ...
[29-Oct-2020 21:11:48] NOTICE: exiting, bye-bye!
[30-Oct-2020 08:05:22] NOTICE: fpm is running, pid 5444
[30-Oct-2020 08:05:22] NOTICE: ready to handle connections
[31-Oct-2020 03:51:27] NOTICE: Terminating ...
[31-Oct-2020 03:51:27] NOTICE: exiting, bye-bye!
[31-Oct-2020 07:23:38] NOTICE: fpm is running, pid 3914
[31-Oct-2020 07:23:38] NOTICE: ready to handle connections
[31-Oct-2020 18:30:40] WARNING: [pool www] child 3944 said into stderr: "sh: 1: --help: not found"
[31-Oct-2020 18:30:40] WARNING: [pool www] child 3944 said into stderr: "sh: 1: mysqldump: not found"
[31-Oct-2020 18:30:40] WARNING: [pool www] child 3944 said into stderr: "sh: 1: /usr/local/bin/mysqldump: not found"
[31-Oct-2020 18:30:40] WARNING: [pool www] child 3944 said into stderr: "sh: 1: /usr/local/mysql/bin/mysqldump: not found"
[31-Oct-2020 18:30:40] WARNING: [pool www] child 3944 said into stderr: "sh: 1: /usr/mysql/bin/mysqldump: not found"
[31-Oct-2020 18:30:40] WARNING: [pool www] child 3944 said into stderr: "sh: 1: /usr/bin/mysqldump: not found"
[31-Oct-2020 18:30:40] WARNING: [pool www] child 3944 said into stderr: "sh: 1: /opt/local/lib/mysql6/bin/mysqldump: not found"
[31-Oct-2020 18:30:40] WARNING: [pool www] child 3944 said into stderr: "sh: 1: /opt/local/lib/mysql5/bin/mysqldump: not found"
[31-Oct-2020 18:30:40] WARNING: [pool www] child 3944 said into stderr: "sh: 1: /usr/bin/mysqldump: not found"
[31-Oct-2020 18:31:26] WARNING: [pool www] child 3943 said into stderr: "sh: 1: --help: not found"
[31-Oct-2020 18:31:26] WARNING: [pool www] child 3943 said into stderr: "sh: 1: mysqldump: not found"
[31-Oct-2020 18:31:26] WARNING: [pool www] child 3943 said into stderr: "sh: 1: /usr/local/bin/mysqldump: not found"
[31-Oct-2020 18:31:26] WARNING: [pool www] child 3943 said into stderr: "sh: 1: /usr/local/mysql/bin/mysqldump: not found"
[31-Oct-2020 18:31:26] WARNING: [pool www] child 3943 said into stderr: "sh: 1: /usr/mysql/bin/mysqldump: not found"
[31-Oct-2020 18:31:26] WARNING: [pool www] child 3943 said into stderr: "sh: 1: /usr/bin/mysqldump: not found"
[31-Oct-2020 18:31:26] WARNING: [pool www] child 3943 said into stderr: "sh: 1: /opt/local/lib/mysql6/bin/mysqldump: not found"
[31-Oct-2020 18:31:26] WARNING: [pool www] child 3943 said into stderr: "sh: 1: /opt/local/lib/mysql5/bin/mysqldump: not found"
[31-Oct-2020 18:31:26] WARNING: [pool www] child 3943 said into stderr: "sh: 1: /usr/bin/mysqldump: not found"
[31-Oct-2020 18:31:28] WARNING: [pool www] child 3944 said into stderr: "sh: 1: --help: not found"
[31-Oct-2020 18:31:28] WARNING: [pool www] child 3944 said into stderr: "sh: 1: mysqldump: not found"
[31-Oct-2020 18:31:28] WARNING: [pool www] child 3944 said into stderr: "sh: 1: /usr/local/bin/mysqldump: not found"
[31-Oct-2020 18:31:28] WARNING: [pool www] child 3944 said into stderr: "sh: 1: /usr/local/mysql/bin/mysqldump: not found"
[31-Oct-2020 18:31:28] WARNING: [pool www] child 3944 said into stderr: "sh: 1: /usr/mysql/bin/mysqldump: not found"
[31-Oct-2020 18:31:28] WARNING: [pool www] child 3944 said into stderr: "sh: 1: /usr/bin/mysqldump: not found"
[31-Oct-2020 18:31:28] WARNING: [pool www] child 3944 said into stderr: "sh: 1: /opt/local/lib/mysql6/bin/mysqldump: not found"
[31-Oct-2020 18:31:28] WARNING: [pool www] child 3944 said into stderr: "sh: 1: /opt/local/lib/mysql5/bin/mysqldump: not found"
[31-Oct-2020 18:31:28] WARNING: [pool www] child 3944 said into stderr: "sh: 1: /usr/bin/mysqldump: not found"
[31-Oct-2020 18:31:34] WARNING: [pool www] child 3944 said into stderr: "sh: 1: --help: not found"
[31-Oct-2020 18:31:34] WARNING: [pool www] child 3944 said into stderr: "sh: 1: mysqldump: not found"
[31-Oct-2020 18:31:34] WARNING: [pool www] child 3944 said into stderr: "sh: 1: /usr/local/bin/mysqldump: not found"
[31-Oct-2020 18:31:34] WARNING: [pool www] child 3944 said into stderr: "sh: 1: /usr/local/mysql/bin/mysqldump: not found"
[31-Oct-2020 18:31:34] WARNING: [pool www] child 3944 said into stderr: "sh: 1: /usr/mysql/bin/mysqldump: not found"
[31-Oct-2020 18:31:34] WARNING: [pool www] child 3944 said into stderr: "sh: 1: /usr/bin/mysqldump: not found"
[31-Oct-2020 18:31:34] WARNING: [pool www] child 3944 said into stderr: "sh: 1: /opt/local/lib/mysql6/bin/mysqldump: not found"
[31-Oct-2020 18:31:34] WARNING: [pool www] child 3944 said into stderr: "sh: 1: /opt/local/lib/mysql5/bin/mysqldump: not found"
[31-Oct-2020 18:31:34] WARNING: [pool www] child 3944 said into stderr: "sh: 1: /usr/bin/mysqldump: not found"
[31-Oct-2020 18:31:34] WARNING: [pool www] child 3944 said into stderr: "sh: 1: --help: not found"
[31-Oct-2020 18:31:34] WARNING: [pool www] child 3944 said into stderr: "sh: 1: mysqldump: not found"
[31-Oct-2020 18:31:34] WARNING: [pool www] child 3944 said into stderr: "sh: 1: /usr/local/bin/mysqldump: not found"
[31-Oct-2020 18:31:34] WARNING: [pool www] child 3944 said into stderr: "sh: 1: /usr/local/mysql/bin/mysqldump: not found"
[31-Oct-2020 18:31:34] WARNING: [pool www] child 3944 said into stderr: "sh: 1: /usr/mysql/bin/mysqldump: not found"
[31-Oct-2020 18:31:34] WARNING: [pool www] child 3944 said into stderr: "sh: 1: /usr/bin/mysqldump: not found"
[31-Oct-2020 18:31:34] WARNING: [pool www] child 3944 said into stderr: "sh: 1: /opt/local/lib/mysql6/bin/mysqldump: not found"
[31-Oct-2020 18:31:34] WARNING: [pool www] child 3944 said into stderr: "sh: 1: /opt/local/lib/mysql5/bin/mysqldump: not found"
[31-Oct-2020 18:31:34] WARNING: [pool www] child 3944 said into stderr: "sh: 1: /usr/bin/mysqldump: not found"
[31-Oct-2020 18:31:46] WARNING: [pool www] child 3944 said into stderr: "sh: 1: --help: not found"
[31-Oct-2020 18:31:46] WARNING: [pool www] child 3944 said into stderr: "sh: 1: mysqldump: not found"
[31-Oct-2020 18:31:46] WARNING: [pool www] child 3944 said into stderr: "sh: 1: /usr/local/bin/mysqldump: not found"
[31-Oct-2020 18:31:46] WARNING: [pool www] child 3944 said into stderr: "sh: 1: /usr/local/mysql/bin/mysqldump: not found"
[31-Oct-2020 18:31:46] WARNING: [pool www] child 3944 said into stderr: "sh: 1: /usr/mysql/bin/mysqldump: not found"
[31-Oct-2020 18:31:46] WARNING: [pool www] child 3944 said into stderr: "sh: 1: /usr/bin/mysqldump: not found"
[31-Oct-2020 18:31:46] WARNING: [pool www] child 3944 said into stderr: "sh: 1: /opt/local/lib/mysql6/bin/mysqldump: not found"
[31-Oct-2020 18:31:46] WARNING: [pool www] child 3944 said into stderr: "sh: 1: /opt/local/lib/mysql5/bin/mysqldump: not found"
[31-Oct-2020 18:31:46] WARNING: [pool www] child 3944 said into stderr: "sh: 1: /usr/bin/mysqldump: not found"
