[08-Jan-2021 15:06:48 UTC] PHP Warning:  fopen(/home/matheus/Área de Trabalho/Repositorios/Cursos/Programacao/Wordpress/Curso-em-video/wordpress-modulo-1/app/public/wp-content/plugins/microthemer/../js-min/program-data.js): failed to open stream: No such file or directory in /home/matheus/Área de Trabalho/Repositorios/Cursos/Programacao/Wordpress/Curso-em-video/wordpress-modulo-1/app/public/wp-content/plugins/microthemer/tvr-microthemer.php on line 2513
[08-Jan-2021 15:06:48 UTC] PHP Stack trace:
[08-Jan-2021 15:06:48 UTC] PHP   1. {main}() /home/matheus/Área de Trabalho/Repositorios/Cursos/Programacao/Wordpress/Curso-em-video/wordpress-modulo-1/app/public/wp-admin/plugins.php:0
[08-Jan-2021 15:06:48 UTC] PHP   2. activate_plugin() /home/matheus/Área de Trabalho/Repositorios/Cursos/Programacao/Wordpress/Curso-em-video/wordpress-modulo-1/app/public/wp-admin/plugins.php:58
[08-Jan-2021 15:06:48 UTC] PHP   3. do_action() /home/matheus/Área de Trabalho/Repositorios/Cursos/Programacao/Wordpress/Curso-em-video/wordpress-modulo-1/app/public/wp-admin/includes/plugin.php:701
[08-Jan-2021 15:06:48 UTC] PHP   4. WP_Hook->do_action() /home/matheus/Área de Trabalho/Repositorios/Cursos/Programacao/Wordpress/Curso-em-video/wordpress-modulo-1/app/public/wp-includes/plugin.php:484
[08-Jan-2021 15:06:48 UTC] PHP   5. WP_Hook->apply_filters() /home/matheus/Área de Trabalho/Repositorios/Cursos/Programacao/Wordpress/Curso-em-video/wordpress-modulo-1/app/public/wp-includes/class-wp-hook.php:311
[08-Jan-2021 15:06:48 UTC] PHP   6. tvr_microthemer_admin->microthemer_activated_or_updated() /home/matheus/Área de Trabalho/Repositorios/Cursos/Programacao/Wordpress/Curso-em-video/wordpress-modulo-1/app/public/wp-includes/class-wp-hook.php:287
[08-Jan-2021 15:06:48 UTC] PHP   7. tvr_microthemer_admin->write_mt_version_specific_js() /home/matheus/Área de Trabalho/Repositorios/Cursos/Programacao/Wordpress/Curso-em-video/wordpress-modulo-1/app/public/wp-content/plugins/microthemer/tvr-microthemer.php:680
[08-Jan-2021 15:06:48 UTC] PHP   8. fopen() /home/matheus/Área de Trabalho/Repositorios/Cursos/Programacao/Wordpress/Curso-em-video/wordpress-modulo-1/app/public/wp-content/plugins/microthemer/tvr-microthemer.php:2513
[08-Jan-2021 15:27:44 UTC] Erro de banco de dados do WordPress Table 'local.wp_ewwwio_images' doesn't exist para a consulta SELECT id,path,updated FROM wp_ewwwio_images WHERE pending=0 AND image_size > 0 ORDER BY id DESC LIMIT 0,500 feita por do_action_ref_array('ewww_image_optimizer_relative_migration'), WP_Hook->do_action, WP_Hook->apply_filters, EWWWIO_Relative_Migration->migrate, EWWWIO_Relative_Migration->get_records
[11-Jan-2021 22:20:47 UTC] PHP Warning:  fopen(/home/matheus/Área de Trabalho/Repositorios/Cursos/Programacao/Wordpress/Curso-em-video/wordpress-modulo-1/app/public/wp-content/plugins/microthemer/../js-min/program-data.js): failed to open stream: No such file or directory in /home/matheus/Área de Trabalho/Repositorios/Cursos/Programacao/Wordpress/Curso-em-video/wordpress-modulo-1/app/public/wp-content/plugins/microthemer/tvr-microthemer.php on line 2512
[11-Jan-2021 22:20:47 UTC] PHP Stack trace:
[11-Jan-2021 22:20:47 UTC] PHP   1. {main}() /home/matheus/Área de Trabalho/Repositorios/Cursos/Programacao/Wordpress/Curso-em-video/wordpress-modulo-1/app/public/wp-admin/admin.php:0
[11-Jan-2021 22:20:47 UTC] PHP   2. require_once() /home/matheus/Área de Trabalho/Repositorios/Cursos/Programacao/Wordpress/Curso-em-video/wordpress-modulo-1/app/public/wp-admin/admin.php:34
[11-Jan-2021 22:20:47 UTC] PHP   3. require_once() /home/matheus/Área de Trabalho/Repositorios/Cursos/Programacao/Wordpress/Curso-em-video/wordpress-modulo-1/app/public/wp-load.php:37
[11-Jan-2021 22:20:47 UTC] PHP   4. require_once() /home/matheus/Área de Trabalho/Repositorios/Cursos/Programacao/Wordpress/Curso-em-video/wordpress-modulo-1/app/public/wp-config.php:77
[11-Jan-2021 22:20:47 UTC] PHP   5. include_once() /home/matheus/Área de Trabalho/Repositorios/Cursos/Programacao/Wordpress/Curso-em-video/wordpress-modulo-1/app/public/wp-settings.php:388
[11-Jan-2021 22:20:47 UTC] PHP   6. tvr_microthemer_admin->__construct() /home/matheus/Área de Trabalho/Repositorios/Cursos/Programacao/Wordpress/Curso-em-video/wordpress-modulo-1/app/public/wp-content/plugins/microthemer/tvr-microthemer.php:12118
[11-Jan-2021 22:20:47 UTC] PHP   7. tvr_microthemer_admin->microthemer_activated_or_updated() /home/matheus/Área de Trabalho/Repositorios/Cursos/Programacao/Wordpress/Curso-em-video/wordpress-modulo-1/app/public/wp-content/plugins/microthemer/tvr-microthemer.php:555
[11-Jan-2021 22:20:47 UTC] PHP   8. tvr_microthemer_admin->write_mt_version_specific_js() /home/matheus/Área de Trabalho/Repositorios/Cursos/Programacao/Wordpress/Curso-em-video/wordpress-modulo-1/app/public/wp-content/plugins/microthemer/tvr-microthemer.php:680
[11-Jan-2021 22:20:47 UTC] PHP   9. fopen() /home/matheus/Área de Trabalho/Repositorios/Cursos/Programacao/Wordpress/Curso-em-video/wordpress-modulo-1/app/public/wp-content/plugins/microthemer/tvr-microthemer.php:2512
[11-Jan-2021 22:20:47 UTC] PHP Warning:  Cannot modify header information - headers already sent by (output started at /home/matheus/Área de Trabalho/Repositorios/Cursos/Programacao/Wordpress/Curso-em-video/wordpress-modulo-1/app/public/wp-content/plugins/microthemer/tvr-microthemer.php:2512) in /home/matheus/Área de Trabalho/Repositorios/Cursos/Programacao/Wordpress/Curso-em-video/wordpress-modulo-1/app/public/wp-content/plugins/microthemer/tvr-microthemer.php on line 2295
[11-Jan-2021 22:20:47 UTC] PHP Stack trace:
[11-Jan-2021 22:20:47 UTC] PHP   1. {main}() /home/matheus/Área de Trabalho/Repositorios/Cursos/Programacao/Wordpress/Curso-em-video/wordpress-modulo-1/app/public/wp-admin/admin.php:0
[11-Jan-2021 22:20:47 UTC] PHP   2. do_action() /home/matheus/Área de Trabalho/Repositorios/Cursos/Programacao/Wordpress/Curso-em-video/wordpress-modulo-1/app/public/wp-admin/admin.php:175
[11-Jan-2021 22:20:47 UTC] PHP   3. WP_Hook->do_action() /home/matheus/Área de Trabalho/Repositorios/Cursos/Programacao/Wordpress/Curso-em-video/wordpress-modulo-1/app/public/wp-includes/plugin.php:484
[11-Jan-2021 22:20:47 UTC] PHP   4. WP_Hook->apply_filters() /home/matheus/Área de Trabalho/Repositorios/Cursos/Programacao/Wordpress/Curso-em-video/wordpress-modulo-1/app/public/wp-includes/class-wp-hook.php:311
[11-Jan-2021 22:20:47 UTC] PHP   5. tvr_microthemer_admin->add_no_cache_headers() /home/matheus/Área de Trabalho/Repositorios/Cursos/Programacao/Wordpress/Curso-em-video/wordpress-modulo-1/app/public/wp-includes/class-wp-hook.php:287
[11-Jan-2021 22:20:47 UTC] PHP   6. header() /home/matheus/Área de Trabalho/Repositorios/Cursos/Programacao/Wordpress/Curso-em-video/wordpress-modulo-1/app/public/wp-content/plugins/microthemer/tvr-microthemer.php:2295
[11-Jan-2021 22:20:47 UTC] PHP Warning:  Cannot modify header information - headers already sent by (output started at /home/matheus/Área de Trabalho/Repositorios/Cursos/Programacao/Wordpress/Curso-em-video/wordpress-modulo-1/app/public/wp-content/plugins/microthemer/tvr-microthemer.php:2512) in /home/matheus/Área de Trabalho/Repositorios/Cursos/Programacao/Wordpress/Curso-em-video/wordpress-modulo-1/app/public/wp-content/plugins/microthemer/tvr-microthemer.php on line 2296
[11-Jan-2021 22:20:47 UTC] PHP Stack trace:
[11-Jan-2021 22:20:47 UTC] PHP   1. {main}() /home/matheus/Área de Trabalho/Repositorios/Cursos/Programacao/Wordpress/Curso-em-video/wordpress-modulo-1/app/public/wp-admin/admin.php:0
[11-Jan-2021 22:20:47 UTC] PHP   2. do_action() /home/matheus/Área de Trabalho/Repositorios/Cursos/Programacao/Wordpress/Curso-em-video/wordpress-modulo-1/app/public/wp-admin/admin.php:175
[11-Jan-2021 22:20:47 UTC] PHP   3. WP_Hook->do_action() /home/matheus/Área de Trabalho/Repositorios/Cursos/Programacao/Wordpress/Curso-em-video/wordpress-modulo-1/app/public/wp-includes/plugin.php:484
[11-Jan-2021 22:20:47 UTC] PHP   4. WP_Hook->apply_filters() /home/matheus/Área de Trabalho/Repositorios/Cursos/Programacao/Wordpress/Curso-em-video/wordpress-modulo-1/app/public/wp-includes/class-wp-hook.php:311
[11-Jan-2021 22:20:47 UTC] PHP   5. tvr_microthemer_admin->add_no_cache_headers() /home/matheus/Área de Trabalho/Repositorios/Cursos/Programacao/Wordpress/Curso-em-video/wordpress-modulo-1/app/public/wp-includes/class-wp-hook.php:287
[11-Jan-2021 22:20:47 UTC] PHP   6. header() /home/matheus/Área de Trabalho/Repositorios/Cursos/Programacao/Wordpress/Curso-em-video/wordpress-modulo-1/app/public/wp-content/plugins/microthemer/tvr-microthemer.php:2296
[11-Jan-2021 22:20:47 UTC] PHP Warning:  Cannot modify header information - headers already sent by (output started at /home/matheus/Área de Trabalho/Repositorios/Cursos/Programacao/Wordpress/Curso-em-video/wordpress-modulo-1/app/public/wp-content/plugins/microthemer/tvr-microthemer.php:2512) in /home/matheus/Área de Trabalho/Repositorios/Cursos/Programacao/Wordpress/Curso-em-video/wordpress-modulo-1/app/public/wp-content/plugins/microthemer/tvr-microthemer.php on line 2297
[11-Jan-2021 22:20:47 UTC] PHP Stack trace:
[11-Jan-2021 22:20:47 UTC] PHP   1. {main}() /home/matheus/Área de Trabalho/Repositorios/Cursos/Programacao/Wordpress/Curso-em-video/wordpress-modulo-1/app/public/wp-admin/admin.php:0
[11-Jan-2021 22:20:47 UTC] PHP   2. do_action() /home/matheus/Área de Trabalho/Repositorios/Cursos/Programacao/Wordpress/Curso-em-video/wordpress-modulo-1/app/public/wp-admin/admin.php:175
[11-Jan-2021 22:20:47 UTC] PHP   3. WP_Hook->do_action() /home/matheus/Área de Trabalho/Repositorios/Cursos/Programacao/Wordpress/Curso-em-video/wordpress-modulo-1/app/public/wp-includes/plugin.php:484
[11-Jan-2021 22:20:47 UTC] PHP   4. WP_Hook->apply_filters() /home/matheus/Área de Trabalho/Repositorios/Cursos/Programacao/Wordpress/Curso-em-video/wordpress-modulo-1/app/public/wp-includes/class-wp-hook.php:311
[11-Jan-2021 22:20:47 UTC] PHP   5. tvr_microthemer_admin->add_no_cache_headers() /home/matheus/Área de Trabalho/Repositorios/Cursos/Programacao/Wordpress/Curso-em-video/wordpress-modulo-1/app/public/wp-includes/class-wp-hook.php:287
[11-Jan-2021 22:20:47 UTC] PHP   6. header() /home/matheus/Área de Trabalho/Repositorios/Cursos/Programacao/Wordpress/Curso-em-video/wordpress-modulo-1/app/public/wp-content/plugins/microthemer/tvr-microthemer.php:2297
[11-Jan-2021 22:20:47 UTC] PHP Warning:  Cannot modify header information - headers already sent by (output started at /home/matheus/Área de Trabalho/Repositorios/Cursos/Programacao/Wordpress/Curso-em-video/wordpress-modulo-1/app/public/wp-content/plugins/microthemer/tvr-microthemer.php:2512) in /home/matheus/Área de Trabalho/Repositorios/Cursos/Programacao/Wordpress/Curso-em-video/wordpress-modulo-1/app/public/wp-includes/functions.php on line 6360
[11-Jan-2021 22:20:47 UTC] PHP Stack trace:
[11-Jan-2021 22:20:47 UTC] PHP   1. {main}() /home/matheus/Área de Trabalho/Repositorios/Cursos/Programacao/Wordpress/Curso-em-video/wordpress-modulo-1/app/public/wp-admin/admin.php:0
[11-Jan-2021 22:20:47 UTC] PHP   2. do_action() /home/matheus/Área de Trabalho/Repositorios/Cursos/Programacao/Wordpress/Curso-em-video/wordpress-modulo-1/app/public/wp-admin/admin.php:175
[11-Jan-2021 22:20:47 UTC] PHP   3. WP_Hook->do_action() /home/matheus/Área de Trabalho/Repositorios/Cursos/Programacao/Wordpress/Curso-em-video/wordpress-modulo-1/app/public/wp-includes/plugin.php:484
[11-Jan-2021 22:20:47 UTC] PHP   4. WP_Hook->apply_filters() /home/matheus/Área de Trabalho/Repositorios/Cursos/Programacao/Wordpress/Curso-em-video/wordpress-modulo-1/app/public/wp-includes/class-wp-hook.php:311
[11-Jan-2021 22:20:47 UTC] PHP   5. send_frame_options_header() /home/matheus/Área de Trabalho/Repositorios/Cursos/Programacao/Wordpress/Curso-em-video/wordpress-modulo-1/app/public/wp-includes/class-wp-hook.php:285
[11-Jan-2021 22:20:47 UTC] PHP   6. header() /home/matheus/Área de Trabalho/Repositorios/Cursos/Programacao/Wordpress/Curso-em-video/wordpress-modulo-1/app/public/wp-includes/functions.php:6360
[11-Jan-2021 22:20:47 UTC] PHP Warning:  Cannot modify header information - headers already sent by (output started at /home/matheus/Área de Trabalho/Repositorios/Cursos/Programacao/Wordpress/Curso-em-video/wordpress-modulo-1/app/public/wp-content/plugins/microthemer/tvr-microthemer.php:2512) in /home/matheus/Área de Trabalho/Repositorios/Cursos/Programacao/Wordpress/Curso-em-video/wordpress-modulo-1/app/public/wp-admin/includes/misc.php on line 1310
[11-Jan-2021 22:20:47 UTC] PHP Stack trace:
[11-Jan-2021 22:20:47 UTC] PHP   1. {main}() /home/matheus/Área de Trabalho/Repositorios/Cursos/Programacao/Wordpress/Curso-em-video/wordpress-modulo-1/app/public/wp-admin/admin.php:0
[11-Jan-2021 22:20:47 UTC] PHP   2. do_action() /home/matheus/Área de Trabalho/Repositorios/Cursos/Programacao/Wordpress/Curso-em-video/wordpress-modulo-1/app/public/wp-admin/admin.php:175
[11-Jan-2021 22:20:47 UTC] PHP   3. WP_Hook->do_action() /home/matheus/Área de Trabalho/Repositorios/Cursos/Programacao/Wordpress/Curso-em-video/wordpress-modulo-1/app/public/wp-includes/plugin.php:484
[11-Jan-2021 22:20:47 UTC] PHP   4. WP_Hook->apply_filters() /home/matheus/Área de Trabalho/Repositorios/Cursos/Programacao/Wordpress/Curso-em-video/wordpress-modulo-1/app/public/wp-includes/class-wp-hook.php:311
[11-Jan-2021 22:20:47 UTC] PHP   5. wp_admin_headers() /home/matheus/Área de Trabalho/Repositorios/Cursos/Programacao/Wordpress/Curso-em-video/wordpress-modulo-1/app/public/wp-includes/class-wp-hook.php:287
[11-Jan-2021 22:20:47 UTC] PHP   6. header() /home/matheus/Área de Trabalho/Repositorios/Cursos/Programacao/Wordpress/Curso-em-video/wordpress-modulo-1/app/public/wp-admin/includes/misc.php:1310
[11-Jan-2021 22:20:47 UTC] PHP Warning:  Cannot modify header information - headers already sent by (output started at /home/matheus/Área de Trabalho/Repositorios/Cursos/Programacao/Wordpress/Curso-em-video/wordpress-modulo-1/app/public/wp-content/plugins/microthemer/tvr-microthemer.php:2512) in /home/matheus/Área de Trabalho/Repositorios/Cursos/Programacao/Wordpress/Curso-em-video/wordpress-modulo-1/app/public/wp-admin/admin-header.php on line 9
[11-Jan-2021 22:20:47 UTC] PHP Stack trace:
[11-Jan-2021 22:20:47 UTC] PHP   1. {main}() /home/matheus/Área de Trabalho/Repositorios/Cursos/Programacao/Wordpress/Curso-em-video/wordpress-modulo-1/app/public/wp-admin/admin.php:0
[11-Jan-2021 22:20:47 UTC] PHP   2. require_once() /home/matheus/Área de Trabalho/Repositorios/Cursos/Programacao/Wordpress/Curso-em-video/wordpress-modulo-1/app/public/wp-admin/admin.php:239
[11-Jan-2021 22:20:47 UTC] PHP   3. header() /home/matheus/Área de Trabalho/Repositorios/Cursos/Programacao/Wordpress/Curso-em-video/wordpress-modulo-1/app/public/wp-admin/admin-header.php:9
[21-Jan-2021 12:46:45 UTC] PHP Warning:  fopen(/home/matheus/Área de Trabalho/Repositorios/Cursos/Programacao/Wordpress/Curso-em-video/wordpress-modulo-1/app/public/wp-content/plugins/microthemer/../js-min/program-data.js): failed to open stream: No such file or directory in /home/matheus/Área de Trabalho/Repositorios/Cursos/Programacao/Wordpress/Curso-em-video/wordpress-modulo-1/app/public/wp-content/plugins/microthemer/tvr-microthemer.php on line 2512
[21-Jan-2021 12:46:45 UTC] PHP Stack trace:
[21-Jan-2021 12:46:45 UTC] PHP   1. {main}() /home/matheus/Área de Trabalho/Repositorios/Cursos/Programacao/Wordpress/Curso-em-video/wordpress-modulo-1/app/public/wp-admin/admin.php:0
[21-Jan-2021 12:46:45 UTC] PHP   2. require_once() /home/matheus/Área de Trabalho/Repositorios/Cursos/Programacao/Wordpress/Curso-em-video/wordpress-modulo-1/app/public/wp-admin/admin.php:34
[21-Jan-2021 12:46:45 UTC] PHP   3. require_once() /home/matheus/Área de Trabalho/Repositorios/Cursos/Programacao/Wordpress/Curso-em-video/wordpress-modulo-1/app/public/wp-load.php:37
[21-Jan-2021 12:46:45 UTC] PHP   4. require_once() /home/matheus/Área de Trabalho/Repositorios/Cursos/Programacao/Wordpress/Curso-em-video/wordpress-modulo-1/app/public/wp-config.php:77
[21-Jan-2021 12:46:45 UTC] PHP   5. include_once() /home/matheus/Área de Trabalho/Repositorios/Cursos/Programacao/Wordpress/Curso-em-video/wordpress-modulo-1/app/public/wp-settings.php:388
[21-Jan-2021 12:46:45 UTC] PHP   6. tvr_microthemer_admin->__construct() /home/matheus/Área de Trabalho/Repositorios/Cursos/Programacao/Wordpress/Curso-em-video/wordpress-modulo-1/app/public/wp-content/plugins/microthemer/tvr-microthemer.php:12118
[21-Jan-2021 12:46:45 UTC] PHP   7. tvr_microthemer_admin->microthemer_activated_or_updated() /home/matheus/Área de Trabalho/Repositorios/Cursos/Programacao/Wordpress/Curso-em-video/wordpress-modulo-1/app/public/wp-content/plugins/microthemer/tvr-microthemer.php:555
[21-Jan-2021 12:46:45 UTC] PHP   8. tvr_microthemer_admin->write_mt_version_specific_js() /home/matheus/Área de Trabalho/Repositorios/Cursos/Programacao/Wordpress/Curso-em-video/wordpress-modulo-1/app/public/wp-content/plugins/microthemer/tvr-microthemer.php:680
[21-Jan-2021 12:46:45 UTC] PHP   9. fopen() /home/matheus/Área de Trabalho/Repositorios/Cursos/Programacao/Wordpress/Curso-em-video/wordpress-modulo-1/app/public/wp-content/plugins/microthemer/tvr-microthemer.php:2512
[21-Jan-2021 12:46:45 UTC] PHP Warning:  Cannot modify header information - headers already sent by (output started at /home/matheus/Área de Trabalho/Repositorios/Cursos/Programacao/Wordpress/Curso-em-video/wordpress-modulo-1/app/public/wp-content/plugins/microthemer/tvr-microthemer.php:2512) in /home/matheus/Área de Trabalho/Repositorios/Cursos/Programacao/Wordpress/Curso-em-video/wordpress-modulo-1/app/public/wp-content/plugins/microthemer/tvr-microthemer.php on line 2295
[21-Jan-2021 12:46:45 UTC] PHP Stack trace:
[21-Jan-2021 12:46:45 UTC] PHP   1. {main}() /home/matheus/Área de Trabalho/Repositorios/Cursos/Programacao/Wordpress/Curso-em-video/wordpress-modulo-1/app/public/wp-admin/admin.php:0
[21-Jan-2021 12:46:45 UTC] PHP   2. do_action() /home/matheus/Área de Trabalho/Repositorios/Cursos/Programacao/Wordpress/Curso-em-video/wordpress-modulo-1/app/public/wp-admin/admin.php:175
[21-Jan-2021 12:46:45 UTC] PHP   3. WP_Hook->do_action() /home/matheus/Área de Trabalho/Repositorios/Cursos/Programacao/Wordpress/Curso-em-video/wordpress-modulo-1/app/public/wp-includes/plugin.php:484
[21-Jan-2021 12:46:45 UTC] PHP   4. WP_Hook->apply_filters() /home/matheus/Área de Trabalho/Repositorios/Cursos/Programacao/Wordpress/Curso-em-video/wordpress-modulo-1/app/public/wp-includes/class-wp-hook.php:311
[21-Jan-2021 12:46:45 UTC] PHP   5. tvr_microthemer_admin->add_no_cache_headers() /home/matheus/Área de Trabalho/Repositorios/Cursos/Programacao/Wordpress/Curso-em-video/wordpress-modulo-1/app/public/wp-includes/class-wp-hook.php:287
[21-Jan-2021 12:46:45 UTC] PHP   6. header() /home/matheus/Área de Trabalho/Repositorios/Cursos/Programacao/Wordpress/Curso-em-video/wordpress-modulo-1/app/public/wp-content/plugins/microthemer/tvr-microthemer.php:2295
[21-Jan-2021 12:46:45 UTC] PHP Warning:  Cannot modify header information - headers already sent by (output started at /home/matheus/Área de Trabalho/Repositorios/Cursos/Programacao/Wordpress/Curso-em-video/wordpress-modulo-1/app/public/wp-content/plugins/microthemer/tvr-microthemer.php:2512) in /home/matheus/Área de Trabalho/Repositorios/Cursos/Programacao/Wordpress/Curso-em-video/wordpress-modulo-1/app/public/wp-content/plugins/microthemer/tvr-microthemer.php on line 2296
[21-Jan-2021 12:46:45 UTC] PHP Stack trace:
[21-Jan-2021 12:46:45 UTC] PHP   1. {main}() /home/matheus/Área de Trabalho/Repositorios/Cursos/Programacao/Wordpress/Curso-em-video/wordpress-modulo-1/app/public/wp-admin/admin.php:0
[21-Jan-2021 12:46:45 UTC] PHP   2. do_action() /home/matheus/Área de Trabalho/Repositorios/Cursos/Programacao/Wordpress/Curso-em-video/wordpress-modulo-1/app/public/wp-admin/admin.php:175
[21-Jan-2021 12:46:45 UTC] PHP   3. WP_Hook->do_action() /home/matheus/Área de Trabalho/Repositorios/Cursos/Programacao/Wordpress/Curso-em-video/wordpress-modulo-1/app/public/wp-includes/plugin.php:484
[21-Jan-2021 12:46:45 UTC] PHP   4. WP_Hook->apply_filters() /home/matheus/Área de Trabalho/Repositorios/Cursos/Programacao/Wordpress/Curso-em-video/wordpress-modulo-1/app/public/wp-includes/class-wp-hook.php:311
[21-Jan-2021 12:46:45 UTC] PHP   5. tvr_microthemer_admin->add_no_cache_headers() /home/matheus/Área de Trabalho/Repositorios/Cursos/Programacao/Wordpress/Curso-em-video/wordpress-modulo-1/app/public/wp-includes/class-wp-hook.php:287
[21-Jan-2021 12:46:45 UTC] PHP   6. header() /home/matheus/Área de Trabalho/Repositorios/Cursos/Programacao/Wordpress/Curso-em-video/wordpress-modulo-1/app/public/wp-content/plugins/microthemer/tvr-microthemer.php:2296
[21-Jan-2021 12:46:45 UTC] PHP Warning:  Cannot modify header information - headers already sent by (output started at /home/matheus/Área de Trabalho/Repositorios/Cursos/Programacao/Wordpress/Curso-em-video/wordpress-modulo-1/app/public/wp-content/plugins/microthemer/tvr-microthemer.php:2512) in /home/matheus/Área de Trabalho/Repositorios/Cursos/Programacao/Wordpress/Curso-em-video/wordpress-modulo-1/app/public/wp-content/plugins/microthemer/tvr-microthemer.php on line 2297
[21-Jan-2021 12:46:45 UTC] PHP Stack trace:
[21-Jan-2021 12:46:45 UTC] PHP   1. {main}() /home/matheus/Área de Trabalho/Repositorios/Cursos/Programacao/Wordpress/Curso-em-video/wordpress-modulo-1/app/public/wp-admin/admin.php:0
[21-Jan-2021 12:46:45 UTC] PHP   2. do_action() /home/matheus/Área de Trabalho/Repositorios/Cursos/Programacao/Wordpress/Curso-em-video/wordpress-modulo-1/app/public/wp-admin/admin.php:175
[21-Jan-2021 12:46:45 UTC] PHP   3. WP_Hook->do_action() /home/matheus/Área de Trabalho/Repositorios/Cursos/Programacao/Wordpress/Curso-em-video/wordpress-modulo-1/app/public/wp-includes/plugin.php:484
[21-Jan-2021 12:46:45 UTC] PHP   4. WP_Hook->apply_filters() /home/matheus/Área de Trabalho/Repositorios/Cursos/Programacao/Wordpress/Curso-em-video/wordpress-modulo-1/app/public/wp-includes/class-wp-hook.php:311
[21-Jan-2021 12:46:45 UTC] PHP   5. tvr_microthemer_admin->add_no_cache_headers() /home/matheus/Área de Trabalho/Repositorios/Cursos/Programacao/Wordpress/Curso-em-video/wordpress-modulo-1/app/public/wp-includes/class-wp-hook.php:287
[21-Jan-2021 12:46:45 UTC] PHP   6. header() /home/matheus/Área de Trabalho/Repositorios/Cursos/Programacao/Wordpress/Curso-em-video/wordpress-modulo-1/app/public/wp-content/plugins/microthemer/tvr-microthemer.php:2297
[21-Jan-2021 12:46:45 UTC] PHP Warning:  Cannot modify header information - headers already sent by (output started at /home/matheus/Área de Trabalho/Repositorios/Cursos/Programacao/Wordpress/Curso-em-video/wordpress-modulo-1/app/public/wp-content/plugins/microthemer/tvr-microthemer.php:2512) in /home/matheus/Área de Trabalho/Repositorios/Cursos/Programacao/Wordpress/Curso-em-video/wordpress-modulo-1/app/public/wp-includes/functions.php on line 6360
[21-Jan-2021 12:46:45 UTC] PHP Stack trace:
[21-Jan-2021 12:46:45 UTC] PHP   1. {main}() /home/matheus/Área de Trabalho/Repositorios/Cursos/Programacao/Wordpress/Curso-em-video/wordpress-modulo-1/app/public/wp-admin/admin.php:0
[21-Jan-2021 12:46:45 UTC] PHP   2. do_action() /home/matheus/Área de Trabalho/Repositorios/Cursos/Programacao/Wordpress/Curso-em-video/wordpress-modulo-1/app/public/wp-admin/admin.php:175
[21-Jan-2021 12:46:45 UTC] PHP   3. WP_Hook->do_action() /home/matheus/Área de Trabalho/Repositorios/Cursos/Programacao/Wordpress/Curso-em-video/wordpress-modulo-1/app/public/wp-includes/plugin.php:484
[21-Jan-2021 12:46:45 UTC] PHP   4. WP_Hook->apply_filters() /home/matheus/Área de Trabalho/Repositorios/Cursos/Programacao/Wordpress/Curso-em-video/wordpress-modulo-1/app/public/wp-includes/class-wp-hook.php:311
[21-Jan-2021 12:46:45 UTC] PHP   5. send_frame_options_header() /home/matheus/Área de Trabalho/Repositorios/Cursos/Programacao/Wordpress/Curso-em-video/wordpress-modulo-1/app/public/wp-includes/class-wp-hook.php:285
[21-Jan-2021 12:46:45 UTC] PHP   6. header() /home/matheus/Área de Trabalho/Repositorios/Cursos/Programacao/Wordpress/Curso-em-video/wordpress-modulo-1/app/public/wp-includes/functions.php:6360
[21-Jan-2021 12:46:45 UTC] PHP Warning:  Cannot modify header information - headers already sent by (output started at /home/matheus/Área de Trabalho/Repositorios/Cursos/Programacao/Wordpress/Curso-em-video/wordpress-modulo-1/app/public/wp-content/plugins/microthemer/tvr-microthemer.php:2512) in /home/matheus/Área de Trabalho/Repositorios/Cursos/Programacao/Wordpress/Curso-em-video/wordpress-modulo-1/app/public/wp-admin/includes/misc.php on line 1310
[21-Jan-2021 12:46:45 UTC] PHP Stack trace:
[21-Jan-2021 12:46:45 UTC] PHP   1. {main}() /home/matheus/Área de Trabalho/Repositorios/Cursos/Programacao/Wordpress/Curso-em-video/wordpress-modulo-1/app/public/wp-admin/admin.php:0
[21-Jan-2021 12:46:45 UTC] PHP   2. do_action() /home/matheus/Área de Trabalho/Repositorios/Cursos/Programacao/Wordpress/Curso-em-video/wordpress-modulo-1/app/public/wp-admin/admin.php:175
[21-Jan-2021 12:46:45 UTC] PHP   3. WP_Hook->do_action() /home/matheus/Área de Trabalho/Repositorios/Cursos/Programacao/Wordpress/Curso-em-video/wordpress-modulo-1/app/public/wp-includes/plugin.php:484
[21-Jan-2021 12:46:45 UTC] PHP   4. WP_Hook->apply_filters() /home/matheus/Área de Trabalho/Repositorios/Cursos/Programacao/Wordpress/Curso-em-video/wordpress-modulo-1/app/public/wp-includes/class-wp-hook.php:311
[21-Jan-2021 12:46:45 UTC] PHP   5. wp_admin_headers() /home/matheus/Área de Trabalho/Repositorios/Cursos/Programacao/Wordpress/Curso-em-video/wordpress-modulo-1/app/public/wp-includes/class-wp-hook.php:287
[21-Jan-2021 12:46:45 UTC] PHP   6. header() /home/matheus/Área de Trabalho/Repositorios/Cursos/Programacao/Wordpress/Curso-em-video/wordpress-modulo-1/app/public/wp-admin/includes/misc.php:1310
[21-Jan-2021 12:46:45 UTC] PHP Warning:  Cannot modify header information - headers already sent by (output started at /home/matheus/Área de Trabalho/Repositorios/Cursos/Programacao/Wordpress/Curso-em-video/wordpress-modulo-1/app/public/wp-content/plugins/microthemer/tvr-microthemer.php:2512) in /home/matheus/Área de Trabalho/Repositorios/Cursos/Programacao/Wordpress/Curso-em-video/wordpress-modulo-1/app/public/wp-admin/admin-header.php on line 9
[21-Jan-2021 12:46:45 UTC] PHP Stack trace:
[21-Jan-2021 12:46:45 UTC] PHP   1. {main}() /home/matheus/Área de Trabalho/Repositorios/Cursos/Programacao/Wordpress/Curso-em-video/wordpress-modulo-1/app/public/wp-admin/admin.php:0
[21-Jan-2021 12:46:45 UTC] PHP   2. require_once() /home/matheus/Área de Trabalho/Repositorios/Cursos/Programacao/Wordpress/Curso-em-video/wordpress-modulo-1/app/public/wp-admin/admin.php:239
[21-Jan-2021 12:46:45 UTC] PHP   3. header() /home/matheus/Área de Trabalho/Repositorios/Cursos/Programacao/Wordpress/Curso-em-video/wordpress-modulo-1/app/public/wp-admin/admin-header.php:9
[22-Jan-2021 11:55:47 UTC] Erro de banco de dados do WordPress Server shutdown in progress para a consulta SELECT option_value FROM wp_options WHERE option_name = 'can_compress_scripts' LIMIT 1 feita por require_once('wp-load.php'), require_once('wp-config.php'), require_once('wp-settings.php'), do_action('init'), WP_Hook->do_action, WP_Hook->apply_filters, wp_widgets_init, do_action('widgets_init'), WP_Hook->do_action, WP_Hook->apply_filters, WP_Widget_Factory->_register_widgets, WP_Widget->_register, WP_Widget_Text->_register_one, wp_add_inline_script, wp_scripts, WP_Scripts->__construct, WP_Scripts->init, do_action_ref_array('wp_default_scripts'), WP_Hook->do_action, WP_Hook->apply_filters, wp_default_packages, wp_register_tinymce_scripts, script_concat_settings, get_site_option, get_network_option, get_option
[22-Jan-2021 11:55:47 UTC] Erro de banco de dados do WordPress Server shutdown in progress para a consulta SELECT option_value FROM wp_options WHERE option_name = 'can_compress_scripts' LIMIT 1 feita por require_once('wp-load.php'), require_once('wp-config.php'), require_once('wp-settings.php'), do_action('init'), WP_Hook->do_action, WP_Hook->apply_filters, wp_widgets_init, do_action('widgets_init'), WP_Hook->do_action, WP_Hook->apply_filters, WP_Widget_Factory->_register_widgets, WP_Widget->_register, WP_Widget_Text->_register_one, wp_add_inline_script, wp_scripts, WP_Scripts->__construct, WP_Scripts->init, do_action_ref_array('wp_default_scripts'), WP_Hook->do_action, WP_Hook->apply_filters, wp_default_packages, wp_register_tinymce_scripts, script_concat_settings, get_site_option, get_network_option, get_option
[22-Jan-2021 11:55:47 UTC] PHP Warning:  Error while sending QUERY packet. PID=4950 in /home/matheus/Área de Trabalho/Repositorios/Cursos/Programacao/Wordpress/Curso-em-video/wordpress-modulo-1/app/public/wp-includes/wp-db.php on line 2056
[22-Jan-2021 11:55:47 UTC] PHP Stack trace:
[22-Jan-2021 11:55:47 UTC] PHP   1. {main}() /home/matheus/Área de Trabalho/Repositorios/Cursos/Programacao/Wordpress/Curso-em-video/wordpress-modulo-1/app/public/wp-cron.php:0
[22-Jan-2021 11:55:47 UTC] PHP   2. require_once() /home/matheus/Área de Trabalho/Repositorios/Cursos/Programacao/Wordpress/Curso-em-video/wordpress-modulo-1/app/public/wp-cron.php:44
[22-Jan-2021 11:55:47 UTC] PHP   3. require_once() /home/matheus/Área de Trabalho/Repositorios/Cursos/Programacao/Wordpress/Curso-em-video/wordpress-modulo-1/app/public/wp-load.php:37
[22-Jan-2021 11:55:47 UTC] PHP   4. require_once() /home/matheus/Área de Trabalho/Repositorios/Cursos/Programacao/Wordpress/Curso-em-video/wordpress-modulo-1/app/public/wp-config.php:77
[22-Jan-2021 11:55:47 UTC] PHP   5. do_action() /home/matheus/Área de Trabalho/Repositorios/Cursos/Programacao/Wordpress/Curso-em-video/wordpress-modulo-1/app/public/wp-settings.php:557
[22-Jan-2021 11:55:47 UTC] PHP   6. WP_Hook->do_action() /home/matheus/Área de Trabalho/Repositorios/Cursos/Programacao/Wordpress/Curso-em-video/wordpress-modulo-1/app/public/wp-includes/plugin.php:484
[22-Jan-2021 11:55:47 UTC] PHP   7. WP_Hook->apply_filters() /home/matheus/Área de Trabalho/Repositorios/Cursos/Programacao/Wordpress/Curso-em-video/wordpress-modulo-1/app/public/wp-includes/class-wp-hook.php:311
[22-Jan-2021 11:55:47 UTC] PHP   8. WPForms\WPForms->WPForms\{closure:/home/matheus/Área de Trabalho/Repositorios/Cursos/Programacao/Wordpress/Curso-em-video/wordpress-modulo-1/app/public/wp-content/plugins/wpforms-lite/src/WPForms.php:357-366}() /home/matheus/Área de Trabalho/Repositorios/Cursos/Programacao/Wordpress/Curso-em-video/wordpress-modulo-1/app/public/wp-includes/class-wp-hook.php:287
[22-Jan-2021 11:55:47 UTC] PHP   9. WPForms\Tasks\Tasks->init() /home/matheus/Área de Trabalho/Repositorios/Cursos/Programacao/Wordpress/Curso-em-video/wordpress-modulo-1/app/public/wp-content/plugins/wpforms-lite/src/WPForms.php:364
[22-Jan-2021 11:55:47 UTC] PHP  10. WPForms\Tasks\Actions\EntryEmailsMetaCleanupTask->__construct() /home/matheus/Área de Trabalho/Repositorios/Cursos/Programacao/Wordpress/Curso-em-video/wordpress-modulo-1/app/public/wp-content/plugins/wpforms-lite/src/Tasks/Tasks.php:35
[22-Jan-2021 11:55:47 UTC] PHP  11. WPForms\Tasks\Actions\EntryEmailsMetaCleanupTask->init() /home/matheus/Área de Trabalho/Repositorios/Cursos/Programacao/Wordpress/Curso-em-video/wordpress-modulo-1/app/public/wp-content/plugins/wpforms-lite/src/Tasks/Actions/EntryEmailsMetaCleanupTask.php:31
[22-Jan-2021 11:55:47 UTC] PHP  12. as_next_scheduled_action() /home/matheus/Área de Trabalho/Repositorios/Cursos/Programacao/Wordpress/Curso-em-video/wordpress-modulo-1/app/public/wp-content/plugins/wpforms-lite/src/Tasks/Actions/EntryEmailsMetaCleanupTask.php:49
[22-Jan-2021 11:55:47 UTC] PHP  13. ActionScheduler_DBStore->find_action() /home/matheus/Área de Trabalho/Repositorios/Cursos/Programacao/Wordpress/Curso-em-video/wordpress-modulo-1/app/public/wp-content/plugins/wpforms-lite/vendor/woocommerce/action-scheduler/functions.php:177
[22-Jan-2021 11:55:47 UTC] PHP  14. wpdb->get_var() /home/matheus/Área de Trabalho/Repositorios/Cursos/Programacao/Wordpress/Curso-em-video/wordpress-modulo-1/app/public/wp-content/plugins/wpforms-lite/vendor/woocommerce/action-scheduler/classes/data-stores/ActionScheduler_DBStore.php:252
[22-Jan-2021 11:55:47 UTC] PHP  15. wpdb->query() /home/matheus/Área de Trabalho/Repositorios/Cursos/Programacao/Wordpress/Curso-em-video/wordpress-modulo-1/app/public/wp-includes/wp-db.php:2582
[22-Jan-2021 11:55:47 UTC] PHP  16. wpdb->_do_query() /home/matheus/Área de Trabalho/Repositorios/Cursos/Programacao/Wordpress/Curso-em-video/wordpress-modulo-1/app/public/wp-includes/wp-db.php:1945
[22-Jan-2021 11:55:47 UTC] PHP  17. mysqli_query() /home/matheus/Área de Trabalho/Repositorios/Cursos/Programacao/Wordpress/Curso-em-video/wordpress-modulo-1/app/public/wp-includes/wp-db.php:2056
[22-Jan-2021 11:55:47 UTC] PHP Warning:  Error while sending QUERY packet. PID=4952 in /home/matheus/Área de Trabalho/Repositorios/Cursos/Programacao/Wordpress/Curso-em-video/wordpress-modulo-1/app/public/wp-includes/wp-db.php on line 2056
[22-Jan-2021 11:55:47 UTC] PHP Stack trace:
[22-Jan-2021 11:55:47 UTC] PHP   1. {main}() /home/matheus/Área de Trabalho/Repositorios/Cursos/Programacao/Wordpress/Curso-em-video/wordpress-modulo-1/app/public/wp-cron.php:0
[22-Jan-2021 11:55:47 UTC] PHP   2. require_once() /home/matheus/Área de Trabalho/Repositorios/Cursos/Programacao/Wordpress/Curso-em-video/wordpress-modulo-1/app/public/wp-cron.php:44
[22-Jan-2021 11:55:47 UTC] PHP   3. require_once() /home/matheus/Área de Trabalho/Repositorios/Cursos/Programacao/Wordpress/Curso-em-video/wordpress-modulo-1/app/public/wp-load.php:37
[22-Jan-2021 11:55:47 UTC] PHP   4. require_once() /home/matheus/Área de Trabalho/Repositorios/Cursos/Programacao/Wordpress/Curso-em-video/wordpress-modulo-1/app/public/wp-config.php:77
[22-Jan-2021 11:55:47 UTC] PHP   5. do_action() /home/matheus/Área de Trabalho/Repositorios/Cursos/Programacao/Wordpress/Curso-em-video/wordpress-modulo-1/app/public/wp-settings.php:557
[22-Jan-2021 11:55:47 UTC] PHP   6. WP_Hook->do_action() /home/matheus/Área de Trabalho/Repositorios/Cursos/Programacao/Wordpress/Curso-em-video/wordpress-modulo-1/app/public/wp-includes/plugin.php:484
[22-Jan-2021 11:55:47 UTC] PHP   7. WP_Hook->apply_filters() /home/matheus/Área de Trabalho/Repositorios/Cursos/Programacao/Wordpress/Curso-em-video/wordpress-modulo-1/app/public/wp-includes/class-wp-hook.php:311
[22-Jan-2021 11:55:47 UTC] PHP   8. WPForms\WPForms->WPForms\{closure:/home/matheus/Área de Trabalho/Repositorios/Cursos/Programacao/Wordpress/Curso-em-video/wordpress-modulo-1/app/public/wp-content/plugins/wpforms-lite/src/WPForms.php:357-366}() /home/matheus/Área de Trabalho/Repositorios/Cursos/Programacao/Wordpress/Curso-em-video/wordpress-modulo-1/app/public/wp-includes/class-wp-hook.php:287
[22-Jan-2021 11:55:47 UTC] PHP   9. WPForms\Tasks\Tasks->init() /home/matheus/Área de Trabalho/Repositorios/Cursos/Programacao/Wordpress/Curso-em-video/wordpress-modulo-1/app/public/wp-content/plugins/wpforms-lite/src/WPForms.php:364
[22-Jan-2021 11:55:47 UTC] PHP  10. WPForms\Tasks\Actions\EntryEmailsMetaCleanupTask->__construct() /home/matheus/Área de Trabalho/Repositorios/Cursos/Programacao/Wordpress/Curso-em-video/wordpress-modulo-1/app/public/wp-content/plugins/wpforms-lite/src/Tasks/Tasks.php:35
[22-Jan-2021 11:55:47 UTC] PHP  11. WPForms\Tasks\Actions\EntryEmailsMetaCleanupTask->init() /home/matheus/Área de Trabalho/Repositorios/Cursos/Programacao/Wordpress/Curso-em-video/wordpress-modulo-1/app/public/wp-content/plugins/wpforms-lite/src/Tasks/Actions/EntryEmailsMetaCleanupTask.php:31
[22-Jan-2021 11:55:47 UTC] PHP  12. as_next_scheduled_action() /home/matheus/Área de Trabalho/Repositorios/Cursos/Programacao/Wordpress/Curso-em-video/wordpress-modulo-1/app/public/wp-content/plugins/wpforms-lite/src/Tasks/Actions/EntryEmailsMetaCleanupTask.php:49
[22-Jan-2021 11:55:47 UTC] PHP  13. ActionScheduler_DBStore->find_action() /home/matheus/Área de Trabalho/Repositorios/Cursos/Programacao/Wordpress/Curso-em-video/wordpress-modulo-1/app/public/wp-content/plugins/wpforms-lite/vendor/woocommerce/action-scheduler/functions.php:177
[22-Jan-2021 11:55:47 UTC] PHP  14. wpdb->get_var() /home/matheus/Área de Trabalho/Repositorios/Cursos/Programacao/Wordpress/Curso-em-video/wordpress-modulo-1/app/public/wp-content/plugins/wpforms-lite/vendor/woocommerce/action-scheduler/classes/data-stores/ActionScheduler_DBStore.php:252
[22-Jan-2021 11:55:47 UTC] PHP  15. wpdb->query() /home/matheus/Área de Trabalho/Repositorios/Cursos/Programacao/Wordpress/Curso-em-video/wordpress-modulo-1/app/public/wp-includes/wp-db.php:2582
[22-Jan-2021 11:55:47 UTC] PHP  16. wpdb->_do_query() /home/matheus/Área de Trabalho/Repositorios/Cursos/Programacao/Wordpress/Curso-em-video/wordpress-modulo-1/app/public/wp-includes/wp-db.php:1945
[22-Jan-2021 11:55:47 UTC] PHP  17. mysqli_query() /home/matheus/Área de Trabalho/Repositorios/Cursos/Programacao/Wordpress/Curso-em-video/wordpress-modulo-1/app/public/wp-includes/wp-db.php:2056
[22-Jan-2021 11:55:47 UTC] Erro de banco de dados do WordPress Server shutdown in progress para a consulta UPDATE `wp_options` SET `option_value` = 'O:8:\"stdClass\":4:{s:7:\"updates\";a:1:{i:0;O:8:\"stdClass\":10:{s:8:\"response\";s:6:\"latest\";s:8:\"download\";s:63:\"https://downloads.wordpress.org/release/pt_BR/wordpress-5.6.zip\";s:6:\"locale\";s:5:\"pt_BR\";s:8:\"packages\";O:8:\"stdClass\":5:{s:4:\"full\";s:63:\"https://downloads.wordpress.org/release/pt_BR/wordpress-5.6.zip\";s:10:\"no_content\";s:0:\"\";s:11:\"new_bundled\";s:0:\"\";s:7:\"partial\";s:0:\"\";s:8:\"rollback\";s:0:\"\";}s:7:\"current\";s:3:\"5.6\";s:7:\"version\";s:3:\"5.6\";s:11:\"php_version\";s:6:\"5.6.20\";s:13:\"mysql_version\";s:3:\"5.0\";s:11:\"new_bundled\";s:3:\"5.6\";s:15:\"partial_version\";s:0:\"\";}}s:12:\"last_checked\";i:1611316547;s:15:\"version_checked\";s:3:\"5.6\";s:12:\"translations\";a:1:{i:0;a:7:{s:4:\"type\";s:4:\"core\";s:4:\"slug\";s:7:\"default\";s:8:\"language\";s:5:\"pt_BR\";s:7:\"version\";s:3:\"5.6\";s:7:\"updated\";s:19:\"2021-01-15 23:30:19\";s:7:\"package\";s:62:\"https://downloads.wordpress.org/translation/core/5.6/pt_BR.zip\";s:10:\"autoupdate\";b:1;}}}', `autoload` = 'no' WHERE `option_name` = '_site_transient_update_core' feita por include('phar:///opt/Local/resources/extraResources/bin/wp-cli/wp-cli.phar/php/boot-phar.php'), include('phar:///opt/Local/resources/extraResources/bin/wp-cli/wp-cli.phar/vendor/wp-cli/wp-cli/php/wp-cli.php'), WP_CLI\bootstrap, WP_CLI\Bootstrap\LaunchRunner->process, WP_CLI\Runner->start, WP_CLI\Runner->run_command_and_exit, WP_CLI\Runner->run_command, WP_CLI\Dispatcher\Subcommand->invoke, call_user_func, WP_CLI\Dispatcher\CommandFactory::WP_CLI\Dispatcher\{closure}, call_user_func, Core_Command->check_update, Core_Command->get_updates, wp_version_check, set_site_transient, update_site_option, update_network_option, update_option
