[08-Jan-2021 11:54:30] NOTICE: fpm is running, pid 21983
[08-Jan-2021 11:54:30] NOTICE: ready to handle connections
[08-Jan-2021 11:56:13] ERROR: Another FPM instance seems to already listen on /home/matheus/.config/Local/run/BbK3QJNUM/php/php-fpm.socket
[08-Jan-2021 11:56:13] ERROR: FPM initialization failed
[08-Jan-2021 11:56:13] ERROR: Another FPM instance seems to already listen on /home/matheus/.config/Local/run/BbK3QJNUM/php/php-fpm.socket
[08-Jan-2021 11:56:13] ERROR: FPM initialization failed
[08-Jan-2021 11:56:14] ERROR: Another FPM instance seems to already listen on /home/matheus/.config/Local/run/BbK3QJNUM/php/php-fpm.socket
[08-Jan-2021 11:56:14] ERROR: FPM initialization failed
[08-Jan-2021 11:56:14] ERROR: Another FPM instance seems to already listen on /home/matheus/.config/Local/run/BbK3QJNUM/php/php-fpm.socket
[08-Jan-2021 11:56:14] ERROR: FPM initialization failed
[08-Jan-2021 14:46:00] NOTICE: Terminating ...
[08-Jan-2021 14:46:00] NOTICE: exiting, bye-bye!
[09-Jan-2021 11:52:35] NOTICE: fpm is running, pid 13019
[09-Jan-2021 11:52:35] NOTICE: ready to handle connections
[09-Jan-2021 16:28:22] NOTICE: Terminating ...
[09-Jan-2021 16:28:22] NOTICE: exiting, bye-bye!
[10-Jan-2021 11:46:37] NOTICE: fpm is running, pid 9064
[10-Jan-2021 11:46:37] NOTICE: ready to handle connections
[10-Jan-2021 18:48:26] ERROR: Another FPM instance seems to already listen on /home/matheus/.config/Local/run/BbK3QJNUM/php/php-fpm.socket
[10-Jan-2021 18:48:26] ERROR: FPM initialization failed
[10-Jan-2021 18:48:27] ERROR: Another FPM instance seems to already listen on /home/matheus/.config/Local/run/BbK3QJNUM/php/php-fpm.socket
[10-Jan-2021 18:48:27] ERROR: FPM initialization failed
[10-Jan-2021 18:48:27] ERROR: Another FPM instance seems to already listen on /home/matheus/.config/Local/run/BbK3QJNUM/php/php-fpm.socket
[10-Jan-2021 18:48:27] ERROR: FPM initialization failed
[10-Jan-2021 18:48:28] ERROR: Another FPM instance seems to already listen on /home/matheus/.config/Local/run/BbK3QJNUM/php/php-fpm.socket
[10-Jan-2021 18:48:28] ERROR: FPM initialization failed
[10-Jan-2021 20:27:37] NOTICE: Terminating ...
[10-Jan-2021 20:27:37] NOTICE: exiting, bye-bye!
[11-Jan-2021 18:25:25] NOTICE: fpm is running, pid 7553
[11-Jan-2021 18:25:25] NOTICE: ready to handle connections
[11-Jan-2021 21:28:46] NOTICE: Terminating ...
[11-Jan-2021 21:28:46] NOTICE: exiting, bye-bye!
[13-Jan-2021 22:34:58] NOTICE: fpm is running, pid 14511
[13-Jan-2021 22:34:58] NOTICE: ready to handle connections
[13-Jan-2021 23:52:34] NOTICE: Terminating ...
[13-Jan-2021 23:52:34] NOTICE: exiting, bye-bye!
[14-Jan-2021 20:49:08] NOTICE: fpm is running, pid 6106
[14-Jan-2021 20:49:08] NOTICE: ready to handle connections
[15-Jan-2021 10:02:36] ERROR: Another FPM instance seems to already listen on /home/matheus/.config/Local/run/BbK3QJNUM/php/php-fpm.socket
[15-Jan-2021 10:02:36] ERROR: FPM initialization failed
[15-Jan-2021 10:02:36] ERROR: Another FPM instance seems to already listen on /home/matheus/.config/Local/run/BbK3QJNUM/php/php-fpm.socket
[15-Jan-2021 10:02:36] ERROR: FPM initialization failed
[15-Jan-2021 10:02:37] ERROR: Another FPM instance seems to already listen on /home/matheus/.config/Local/run/BbK3QJNUM/php/php-fpm.socket
[15-Jan-2021 10:02:37] ERROR: FPM initialization failed
[15-Jan-2021 10:02:37] ERROR: Another FPM instance seems to already listen on /home/matheus/.config/Local/run/BbK3QJNUM/php/php-fpm.socket
[15-Jan-2021 10:02:37] ERROR: FPM initialization failed
[15-Jan-2021 15:03:42] NOTICE: Terminating ...
[15-Jan-2021 15:03:42] NOTICE: exiting, bye-bye!
[17-Jan-2021 08:56:26] NOTICE: fpm is running, pid 3906
[17-Jan-2021 08:56:26] NOTICE: ready to handle connections
[17-Jan-2021 17:55:10] NOTICE: Terminating ...
[17-Jan-2021 17:55:10] NOTICE: exiting, bye-bye!
[18-Jan-2021 10:28:58] NOTICE: fpm is running, pid 5929
[18-Jan-2021 10:28:58] NOTICE: ready to handle connections
[19-Jan-2021 00:12:46] NOTICE: Terminating ...
[19-Jan-2021 00:12:46] NOTICE: exiting, bye-bye!
[19-Jan-2021 22:29:25] NOTICE: fpm is running, pid 34461
[19-Jan-2021 22:29:25] NOTICE: ready to handle connections
[19-Jan-2021 23:25:31] NOTICE: Terminating ...
[19-Jan-2021 23:25:31] NOTICE: exiting, bye-bye!
[20-Jan-2021 08:33:27] NOTICE: fpm is running, pid 3206
[20-Jan-2021 08:33:27] NOTICE: ready to handle connections
[20-Jan-2021 18:37:20] NOTICE: Terminating ...
[20-Jan-2021 18:37:21] NOTICE: exiting, bye-bye!
[21-Jan-2021 08:51:18] NOTICE: fpm is running, pid 3409
[21-Jan-2021 08:51:18] NOTICE: ready to handle connections
[21-Jan-2021 23:57:02] NOTICE: Terminating ...
[21-Jan-2021 23:57:02] NOTICE: exiting, bye-bye!
[22-Jan-2021 08:55:43] NOTICE: fpm is running, pid 4937
[22-Jan-2021 08:55:43] NOTICE: ready to handle connections
[22-Jan-2021 08:55:51] ERROR: Another FPM instance seems to already listen on /home/matheus/.config/Local/run/BbK3QJNUM/php/php-fpm.socket
[22-Jan-2021 08:55:51] ERROR: FPM initialization failed
[22-Jan-2021 08:55:52] ERROR: Another FPM instance seems to already listen on /home/matheus/.config/Local/run/BbK3QJNUM/php/php-fpm.socket
[22-Jan-2021 08:55:52] ERROR: FPM initialization failed
[22-Jan-2021 08:55:52] ERROR: Another FPM instance seems to already listen on /home/matheus/.config/Local/run/BbK3QJNUM/php/php-fpm.socket
[22-Jan-2021 08:55:52] ERROR: FPM initialization failed
[22-Jan-2021 08:55:53] ERROR: Another FPM instance seems to already listen on /home/matheus/.config/Local/run/BbK3QJNUM/php/php-fpm.socket
[22-Jan-2021 08:55:53] ERROR: FPM initialization failed
[22-Jan-2021 08:57:12] ERROR: Another FPM instance seems to already listen on /home/matheus/.config/Local/run/BbK3QJNUM/php/php-fpm.socket
[22-Jan-2021 08:57:12] ERROR: FPM initialization failed
[22-Jan-2021 08:57:13] ERROR: Another FPM instance seems to already listen on /home/matheus/.config/Local/run/BbK3QJNUM/php/php-fpm.socket
[22-Jan-2021 08:57:13] ERROR: FPM initialization failed
[22-Jan-2021 08:57:13] ERROR: Another FPM instance seems to already listen on /home/matheus/.config/Local/run/BbK3QJNUM/php/php-fpm.socket
[22-Jan-2021 08:57:13] ERROR: FPM initialization failed
[22-Jan-2021 08:57:14] ERROR: Another FPM instance seems to already listen on /home/matheus/.config/Local/run/BbK3QJNUM/php/php-fpm.socket
[22-Jan-2021 08:57:14] ERROR: FPM initialization failed
[22-Jan-2021 10:52:32] ERROR: Another FPM instance seems to already listen on /home/matheus/.config/Local/run/BbK3QJNUM/php/php-fpm.socket
[22-Jan-2021 10:52:32] ERROR: FPM initialization failed
[22-Jan-2021 10:52:33] ERROR: Another FPM instance seems to already listen on /home/matheus/.config/Local/run/BbK3QJNUM/php/php-fpm.socket
[22-Jan-2021 10:52:33] ERROR: FPM initialization failed
[22-Jan-2021 10:52:33] ERROR: Another FPM instance seems to already listen on /home/matheus/.config/Local/run/BbK3QJNUM/php/php-fpm.socket
[22-Jan-2021 10:52:33] ERROR: FPM initialization failed
[22-Jan-2021 10:52:34] ERROR: Another FPM instance seems to already listen on /home/matheus/.config/Local/run/BbK3QJNUM/php/php-fpm.socket
[22-Jan-2021 10:52:34] ERROR: FPM initialization failed
[22-Jan-2021 16:40:59] NOTICE: Terminating ...
[22-Jan-2021 16:40:59] NOTICE: exiting, bye-bye!
